<?xml version="1.0" encoding="UTF-8"?>
<!-- Generated by org.testng.reporters.JUnitXMLReporter -->
<testsuite hostname="NDI-LAP-657" name="Command line test" tests="4" failures="0" timestamp="29 Nov 2018 19:03:31 GMT" time="0.653" errors="0">
  <testcase name="blankLogin" time="0.144" classname="test.LoginTest"/>
  <testcase name="blankUser" time="0.146" classname="test.LoginTest"/>
  <testcase name="blankPassword" time="0.143" classname="test.LoginTest"/>
  <testcase name="validLogin" time="0.211" classname="test.LoginTest"/>
</testsuite> <!-- Command line test -->
