<?xml version="1.0" encoding="UTF-8"?>
<testng-results skipped="0" failed="0" total="1" passed="1">
  <reporter-output>
  </reporter-output>
  <suite name="Default suite" duration-ms="5301" started-at="2018-12-04T08:35:49Z" finished-at="2018-12-04T08:35:55Z">
    <groups>
    </groups>
    <test name="Default test" duration-ms="5301" started-at="2018-12-04T08:35:49Z" finished-at="2018-12-04T08:35:55Z">
      <class name="test.ReqAppointment">
        <test-method status="PASS" signature="LaunchBrowser()[pri:0, instance:test.ReqAppointment@51efea79]" name="LaunchBrowser" is-config="true" duration-ms="20331" started-at="2018-12-04T03:35:29Z" finished-at="2018-12-04T03:35:49Z">
          <reporter-output>
          </reporter-output>
        </test-method> <!-- LaunchBrowser -->
        <test-method status="PASS" signature="login()[pri:0, instance:test.ReqAppointment@51efea79]" name="login" is-config="true" duration-ms="5205" started-at="2018-12-04T03:35:49Z" finished-at="2018-12-04T03:35:55Z">
          <reporter-output>
          </reporter-output>
        </test-method> <!-- login -->
        <test-method status="PASS" signature="appointmentReq()[pri:0, instance:test.ReqAppointment@51efea79]" name="appointmentReq" duration-ms="86" started-at="2018-12-04T03:35:55Z" finished-at="2018-12-04T03:35:55Z">
          <reporter-output>
          </reporter-output>
        </test-method> <!-- appointmentReq -->
      </class> <!-- test.ReqAppointment -->
    </test> <!-- Default test -->
  </suite> <!-- Default suite -->
</testng-results>
